2024-02-05 15:11:35.961 [info] Added views:workbench.panel.markers.view in workbench.panel.markers
2024-02-05 15:11:35.962 [info] Added views:workbench.panel.output in workbench.panel.output
2024-02-05 15:11:35.962 [info] Added views:terminal in terminal
2024-02-05 15:11:35.962 [info] Added views:outline in workbench.view.explorer
2024-02-05 15:11:35.962 [info] Added views:workbench.scm in workbench.view.scm
2024-02-05 15:11:35.962 [info] Added views:workbench.view.search in workbench.view.search
2024-02-05 15:11:35.962 [info] Added views:timeline in workbench.view.explorer
2024-02-05 15:11:35.962 [info] Added views:workbench.explorer.emptyView in workbench.view.explorer
2024-02-05 15:11:39.786 [info] Added views:workbench.debug.variablesView,workbench.debug.watchExpressionsView,workbench.debug.callStackView,workbench.debug.breakPointsView in workbench.view.debug
2024-02-05 15:11:42.033 [info] Added views:workbench.panel.repl.view in workbench.panel.repl
2024-02-05 15:11:42.046 [info] Removed views:workbench.debug.breakPointsView,workbench.debug.callStackView,workbench.debug.watchExpressionsView,workbench.debug.variablesView from workbench.view.debug
2024-02-05 15:11:42.048 [info] Added views:workbench.debug.welcome in workbench.view.debug
2024-02-05 15:15:19.870 [info] Added views:workbench.panel.markers.view in workbench.panel.markers
2024-02-05 15:15:19.870 [info] Added views:workbench.panel.output in workbench.panel.output
2024-02-05 15:15:19.870 [info] Added views:terminal in terminal
2024-02-05 15:15:19.870 [info] Added views:outline in workbench.view.explorer
2024-02-05 15:15:19.870 [info] Added views:workbench.scm in workbench.view.scm
2024-02-05 15:15:19.870 [info] Added views:workbench.view.search in workbench.view.search
2024-02-05 15:15:19.870 [info] Added views:timeline in workbench.view.explorer
2024-02-05 15:15:19.870 [info] Added views:workbench.explorer.fileView in workbench.view.explorer
2024-02-05 15:15:22.864 [info] Added views:workbench.debug.variablesView,workbench.debug.watchExpressionsView,workbench.debug.callStackView,workbench.debug.breakPointsView in workbench.view.debug
2024-02-05 15:15:23.132 [info] Added views:workbench.panel.repl.view in workbench.panel.repl
2024-02-05 15:15:23.144 [info] Removed views:workbench.debug.breakPointsView,workbench.debug.callStackView,workbench.debug.watchExpressionsView,workbench.debug.variablesView from workbench.view.debug
2024-02-05 15:15:23.152 [info] Added views:workbench.debug.welcome in workbench.view.debug
